[3J[H
TSKMPC starting.
Screen configured; awaiting terminal size.
Terminal is 4x1029
MPDResponse {
  data: Buffer(263) [Uint8Array] [
    [33m102[39m, [33m105[39m, [33m108[39m, [33m101[39m,  [33m58[39m, [33m32[39m, [33m68[39m, [33m101[39m, [33m108[39m, [33m116[39m,
     [33m97[39m, [33m114[39m, [33m117[39m, [33m110[39m, [33m101[39m, [33m47[39m, [33m68[39m, [33m101[39m, [33m108[39m, [33m116[39m,
     [33m97[39m, [33m114[39m, [33m117[39m, [33m110[39m, [33m101[39m, [33m32[39m, [33m67[39m, [33m104[39m,  [33m97[39m, [33m112[39m,
    [33m116[39m, [33m101[39m, [33m114[39m,  [33m32[39m,  [33m50[39m, [33m32[39m, [33m79[39m,  [33m83[39m,  [33m84[39m,  [33m32[39m,
     [33m51[39m,  [33m57[39m,  [33m32[39m,  [33m45[39m,  [33m32[39m, [33m66[39m, [33m73[39m,  [33m71[39m,  [33m32[39m,  [33m83[39m,
    ... 213 more items
  ],
  values: Map(13) {
    [32m'file'[39m => [32m'Deltarune/Deltarune Chapter 2 OST 39 - BIG SHOT.m4a'[39m,
    [32m'Last-Modified'[39m => [32m'2025-04-07T19:34:28Z'[39m,
    [32m'Added'[39m => [32m'2025-04-07T19:34:28Z'[39m,
    [32m'Format'[39m => [32m'44100:f:2'[39m,
    [32m'Artist'[39m => [32m'toby fox'[39m,
    [32m'Album'[39m => [32m'Deltarune OST'[39m,
    [32m'Title'[39m => [32m'BIG SHOT'[39m,
    [32m'Track'[39m => [32m'39'[39m,
    [32m'Genre'[39m => [32m'OST'[39m,
    [32m'Time'[39m => [32m'141'[39m,
    [32m'duration'[39m => [32m'140.620'[39m,
    [32m'Pos'[39m => [32m'100'[39m,
    [32m'Id'[39m => [32m'101'[39m
  },
  binary: [90mundefined[39m,
  ptr: [33m263[39m
}
Hello from KittyImage!
Creating image with id=7
Uploading image...
i=7,s=900,v=900,a=t,m=1
Done.
Placement created. i=7,p=1
a=p,i=7,p=1,r=24,C=1,z=-1
KiTTY Message: i=7;OK\_Gi=7,p=1;OK\
Placement created. i=7,p=1
a=p,i=7,p=1,r=24,C=1,z=-1
KiTTY Message: i=7,p=1;OK\
Placement created. i=7,p=1
a=p,i=7,p=1,r=24,C=1,z=-1
KiTTY Message: i=7,p=1;OK\
Placement created. i=7,p=1
a=p,i=7,p=1,r=24,C=1,z=-1
KiTTY Message: i=7,p=1;OK\
Placement created. i=7,p=1
a=p,i=7,p=1,r=24,C=1,z=-1
KiTTY Message: i=7,p=1;OK\
Placement created. i=7,p=1
a=p,i=7,p=1,r=24,C=1,z=-1
KiTTY Message: i=7,p=1;OK\
Placement created. i=7,p=1
a=p,i=7,p=1,r=24,C=1,z=-1
KiTTY Message: i=7,p=1;OK\
Placement created. i=7,p=1
a=p,i=7,p=1,r=24,C=1,z=-1
KiTTY Message: i=7,p=1;OK\
Placement created. i=7,p=1
a=p,i=7,p=1,r=24,C=1,z=-1
KiTTY Message: i=7,p=1;OK\
Placement created. i=7,p=1
a=p,i=7,p=1,r=24,C=1,z=-1
KiTTY Message: i=7,p=1;OK\
Placement created. i=7,p=1
a=p,i=7,p=1,r=24,C=1,z=-1
KiTTY Message: i=7,p=1;OK\
Placement created. i=7,p=1
a=p,i=7,p=1,r=24,C=1,z=-1
KiTTY Message: i=7,p=1;OK\
Placement created. i=7,p=1
a=p,i=7,p=1,r=24,C=1,z=-1
KiTTY Message: i=7,p=1;OK\
Placement created. i=7,p=1
a=p,i=7,p=1,r=25,C=1,z=-1
KiTTY Message: i=7,p=1;OK\
Placement created. i=7,p=1
a=p,i=7,p=1,r=24,C=1,z=-1
KiTTY Message: i=7,p=1;OK\
Placement created. i=7,p=1
a=p,i=7,p=1,r=25,C=1,z=-1
KiTTY Message: i=7,p=1;OK\
Placement created. i=7,p=1
a=p,i=7,p=1,r=24,C=1,z=-1
KiTTY Message: i=7,p=1;OK\
Placement created. i=7,p=1
a=p,i=7,p=1,r=12,C=1,z=-1
KiTTY Message: i=7,p=1;OK\